<?xml version="1.0" encoding="UTF-8"?>
<!-- Generated by org.testng.reporters.JUnitXMLReporter -->
<testsuite ignored="0" hostname="ZSCHN01LP0024" failures="0" tests="4" name="Default test" time="1.692" errors="0" timestamp="20 Sep 2023 04:55:55 GMT">
  <testcase classname="com.practice.BDD.restassured.BDDRestAssured" name="create_user" time="1.385"/>
  <testcase classname="com.practice.BDD.restassured.BDDRestAssured" name="delete_user" time="0.034"/>
  <testcase classname="com.practice.BDD.restassured.BDDRestAssured" name="get_user" time="0.235"/>
  <testcase classname="com.practice.BDD.restassured.BDDRestAssured" name="put_data" time="0.018"/>
</testsuite> <!-- Default test -->
