<?xml version="1.0" encoding="UTF-8"?>
<testng-results ignored="0" total="4" passed="4" failed="0" skipped="0">
  <reporter-output>
  </reporter-output>
  <suite started-at="2023-09-20T04:55:53Z" name="Default suite" finished-at="2023-09-20T04:55:55Z" duration-ms="1692">
    <groups>
    </groups>
    <test started-at="2023-09-20T04:55:53Z" name="Default test" finished-at="2023-09-20T04:55:55Z" duration-ms="1692">
      <class name="com.practice.BDD.restassured.BDDRestAssured">
        <test-method signature="create_user()[pri:0, instance:com.practice.BDD.restassured.BDDRestAssured@341814d3]" started-at="2023-09-20T04:55:53Z" name="create_user" finished-at="2023-09-20T04:55:55Z" duration-ms="1385" status="PASS">
          <reporter-output>
          </reporter-output>
        </test-method> <!-- create_user -->
        <test-method signature="delete_user()[pri:0, instance:com.practice.BDD.restassured.BDDRestAssured@341814d3]" started-at="2023-09-20T04:55:55Z" name="delete_user" finished-at="2023-09-20T04:55:55Z" duration-ms="34" status="PASS">
          <reporter-output>
          </reporter-output>
        </test-method> <!-- delete_user -->
        <test-method signature="get_user()[pri:0, instance:com.practice.BDD.restassured.BDDRestAssured@341814d3]" started-at="2023-09-20T04:55:55Z" name="get_user" finished-at="2023-09-20T04:55:55Z" duration-ms="235" status="PASS">
          <reporter-output>
          </reporter-output>
        </test-method> <!-- get_user -->
        <test-method signature="put_data()[pri:0, instance:com.practice.BDD.restassured.BDDRestAssured@341814d3]" started-at="2023-09-20T04:55:55Z" name="put_data" finished-at="2023-09-20T04:55:55Z" duration-ms="18" status="PASS">
          <reporter-output>
          </reporter-output>
        </test-method> <!-- put_data -->
      </class> <!-- com.practice.BDD.restassured.BDDRestAssured -->
    </test> <!-- Default test -->
  </suite> <!-- Default suite -->
</testng-results>
